<?xml version="1.0" encoding="UTF-8"?>
<!-- Generated by org.testng.reporters.JUnitReportReporter -->
<testsuite hostname="LKCONHHASHMI01" failures="0" tests="3" name="testNG.DependsOnTest" time="0.007" errors="0" timestamp="2024-01-19T00:53:05 IST" skipped="0">
  <testcase classname="testNG.DependsOnTest" name="campus" time="0.001"/>
  <system-out/>
  <testcase classname="testNG.DependsOnTest" name="oLevel" time="0.005"/>
  <system-out/>
  <testcase classname="testNG.DependsOnTest" name="aLevel" time="0.001"/>
  <system-out/>
</testsuite> <!-- testNG.DependsOnTest -->
