<?xml version="1.0" encoding="UTF-8"?>
<!-- Generated by org.testng.reporters.JUnitReportReporter -->
<testsuite hostname="LKCONHHASHMI01" failures="0" tests="1" name="testNG.TestNGAnnotation01" time="0.000" errors="0" timestamp="2024-01-19T00:53:05 IST" skipped="0">
  <testcase classname="testNG.TestNGAnnotation01" name="test" time="0.000"/>
  <system-out/>
</testsuite> <!-- testNG.TestNGAnnotation01 -->
